
> wikipedia-to-learningmaterial@1.0.0 build
> next build

 笞 Warning: Next.js inferred your workspace root, but it may not be correct.
 We detected multiple lockfiles and selected the directory of C:\Users\Takey\package-lock.json as the root directory.
 To silence this warning, set `turbopack.root` in your Next.js config, or consider removing one of the lockfiles if it's not needed.
   See https://nextjs.org/docs/app/api-reference/config/next-config-js/turbopack#root-directory for more information.
 Detected additional lockfiles: 
   * C:\Users\Takey\Desktop\Wikipedia-To-LearningMaterial\package-lock.json

   笆ｲ Next.js 16.0.3 (Turbopack)

   Creating an optimized production build ...
 笨・Compiled successfully in 1188.1ms
   Running TypeScript ...
Failed to compile.

./vitest.config.ts:2:19
Type error: Cannot find module '@vitejs/plugin-react' or its corresponding type declarations.
  There are types at 'C:/Users/Takey/Desktop/Wikipedia-To-LearningMaterial/node_modules/@vitejs/plugin-react/dist/index.d.ts', but this result could not be resolved under your current 'moduleResolution' setting. Consider updating to 'node16', 'nodenext', or 'bundler'.

  1 | import { defineConfig } from 'vitest/config'
> 2 | import react from '@vitejs/plugin-react'
    |                   ^
  3 |
  4 | export default defineConfig({
  5 |   plugins: [react()],
Next.js build worker exited with code: 1 and signal: null
